<?xml version="1.0" encoding="UTF-8"?>
<testng-results skipped="0" failed="1" total="1" passed="0">
  <reporter-output>
  </reporter-output>
  <suite name="ChangeZipCode" duration-ms="44" started-at="2015-03-10T13:33:07Z" finished-at="2015-03-10T13:33:07Z">
    <groups>
      <group name="regression">
        <method signature="ChangeZipCode.testChangeZipCode(java.lang.String, java.lang.String)[pri:0, instance:toyota.ChangeZipCode@51a30bb]" name="testChangeZipCode" class="toyota.ChangeZipCode"/>
      </group> <!-- regression -->
    </groups>
    <test name="ChangeZipCode" duration-ms="44" started-at="2015-03-10T13:33:07Z" finished-at="2015-03-10T13:33:07Z">
      <class name="toyota.ChangeZipCode">
        <test-method status="PASS" signature="setup(java.lang.String, java.lang.String, java.lang.String, java.lang.String, java.lang.String)[pri:0, instance:toyota.ChangeZipCode@51a30bb]" name="setup" is-config="true" duration-ms="10" started-at="2015-03-10T09:33:07Z" finished-at="2015-03-10T09:33:07Z">
          <params>
            <param index="0">
              <value>
                <![CDATA[local]]>
              </value>
            </param>
            <param index="1">
              <value>
                <![CDATA[chrome]]>
              </value>
            </param>
            <param index="2">
              <value>
                <![CDATA[31.0]]>
              </value>
            </param>
            <param index="3">
              <value>
                <![CDATA[Vista]]>
              </value>
            </param>
            <param index="4">
              <value>
                <![CDATA[]]>
              </value>
            </param>
          </params>
          <reporter-output>
          </reporter-output>
        </test-method> <!-- setup -->
        <test-method status="FAIL" signature="testChangeZipCode(java.lang.String, java.lang.String)[pri:0, instance:toyota.ChangeZipCode@51a30bb]" name="testChangeZipCode" duration-ms="0" started-at="2015-03-10T09:33:07Z" data-provider="dataScenario" finished-at="2015-03-10T09:33:07Z">
          <exception class="java.lang.RuntimeException">
            <message>
              <![CDATA[java.lang.NullPointerException]]>
            </message>
            <full-stacktrace>
              <![CDATA[java.lang.RuntimeException: java.lang.NullPointerException
	at org.testng.internal.MethodInvocationHelper.invokeDataProvider(MethodInvocationHelper.java:161)
	at org.testng.internal.Parameters.handleParameters(Parameters.java:429)
	at org.testng.internal.Invoker.handleParameters(Invoker.java:1383)
	at org.testng.internal.Invoker.createParameters(Invoker.java:1075)
	at org.testng.internal.Invoker.invokeTestMethods(Invoker.java:1180)
	at org.testng.internal.TestMethodWorker.invokeTestMethods(TestMethodWorker.java:127)
	at org.testng.internal.TestMethodWorker.run(TestMethodWorker.java:111)
	at org.testng.TestRunner.privateRun(TestRunner.java:767)
	at org.testng.TestRunner.run(TestRunner.java:617)
	at org.testng.SuiteRunner.runTest(SuiteRunner.java:334)
	at org.testng.SuiteRunner.runSequentially(SuiteRunner.java:329)
	at org.testng.SuiteRunner.privateRun(SuiteRunner.java:291)
	at org.testng.SuiteRunner.run(SuiteRunner.java:240)
	at org.testng.SuiteRunnerWorker.runSuite(SuiteRunnerWorker.java:52)
	at org.testng.SuiteRunnerWorker.run(SuiteRunnerWorker.java:86)
	at org.testng.TestNG.runSuitesSequentially(TestNG.java:1224)
	at org.testng.TestNG.runSuitesLocally(TestNG.java:1149)
	at org.testng.TestNG.run(TestNG.java:1057)
	at org.testng.remote.RemoteTestNG.run(RemoteTestNG.java:111)
	at org.testng.remote.RemoteTestNG.initAndRun(RemoteTestNG.java:204)
	at org.testng.remote.RemoteTestNG.main(RemoteTestNG.java:175)
Caused by: java.lang.NullPointerException
	at com.orasi.utils.dataProviders.ExcelDataProvider.<init>(ExcelDataProvider.java:12)
	at toyota.ChangeZipCode.scenarios(ChangeZipCode.java:34)
	at sun.reflect.NativeMethodAccessorImpl.invoke0(Native Method)
	at sun.reflect.NativeMethodAccessorImpl.invoke(NativeMethodAccessorImpl.java:57)
	at sun.reflect.DelegatingMethodAccessorImpl.invoke(DelegatingMethodAccessorImpl.java:43)
	at java.lang.reflect.Method.invoke(Method.java:601)
	at org.testng.internal.MethodInvocationHelper.invokeMethod(MethodInvocationHelper.java:84)
	at org.testng.internal.MethodInvocationHelper.invokeDataProvider(MethodInvocationHelper.java:135)
	... 20 more
]]>
            </full-stacktrace>
          </exception> <!-- java.lang.RuntimeException -->
          <reporter-output>
          </reporter-output>
        </test-method> <!-- testChangeZipCode -->
      </class> <!-- toyota.ChangeZipCode -->
    </test> <!-- ChangeZipCode -->
  </suite> <!-- ChangeZipCode -->
</testng-results>
